<?xml version="1.0" encoding="UTF-8" ?>
<testsuite tests="4" failures="1" name="com.niit.shoppingcart.supplierTestCase" time="0.55" errors="1" skipped="0">
  <properties>
[...]
</properties>
  <testcase classname="com.niit.shoppingcart.supplierTestCase" name="saveTestCase" time="0.045">
    <error message="could not execute statement; SQL [n/a]; constraint [&quot;PRIMARY_KEY_C ON PUBLIC.SUPPLIER(SID) VALUES ( /* 39 */ &apos;RA002&apos; )&quot;; SQL statement:
insert into Supplier (address, name, sid) values (?, ?, ?) [23505-193]]; nested exception is org.hibernate.exception.ConstraintViolationException: could not execute statement" type="org.springframework.dao.DataIntegrityViolationException">org.springframework.dao.DataIntegrityViolationException: could not execute statement; SQL [n/a]; constraint [&quot;PRIMARY_KEY_C ON PUBLIC.SUPPLIER(SID) VALUES ( /* 39 */ &apos;RA002&apos; )&quot;; SQL statement:
insert into Supplier (address, name, sid) values (?, ?, ?) [23505-193]]; nested exception is org.hibernate.exception.ConstraintViolationException: could not execute statement
	at org.springframework.orm.hibernate5.SessionFactoryUtils.convertHibernateAccessException(SessionFactoryUtils.java:241)
	at org.springframework.orm.hibernate5.HibernateTransactionManager.convertHibernateAccessException(HibernateTransactionManager.java:755)
	at org.springframework.orm.hibernate5.HibernateTransactionManager.doCommit(HibernateTransactionManager.java:590)
	at org.springframework.transaction.support.AbstractPlatformTransactionManager.processCommit(AbstractPlatformTransactionManager.java:761)
	at org.springframework.transaction.support.AbstractPlatformTransactionManager.commit(AbstractPlatformTransactionManager.java:730)
	at org.springframework.transaction.interceptor.TransactionAspectSupport.commitTransactionAfterReturning(TransactionAspectSupport.java:504)
	at org.springframework.transaction.interceptor.TransactionAspectSupport.invokeWithinTransaction(TransactionAspectSupport.java:292)
	at org.springframework.transaction.interceptor.TransactionInterceptor.invoke(TransactionInterceptor.java:96)
	at org.springframework.aop.framework.ReflectiveMethodInvocation.proceed(ReflectiveMethodInvocation.java:179)
	at org.springframework.aop.framework.JdkDynamicAopProxy.invoke(JdkDynamicAopProxy.java:213)
	at com.sun.proxy.$Proxy41.save(Unknown Source)
	at com.niit.shoppingcart.supplierTestCase.saveTestCase(supplierTestCase.java:61)
	at sun.reflect.NativeMethodAccessorImpl.invoke0(Native Method)
	at sun.reflect.NativeMethodAccessorImpl.invoke(NativeMethodAccessorImpl.java:62)
	at sun.reflect.DelegatingMethodAccessorImpl.invoke(DelegatingMethodAccessorImpl.java:43)
	at java.lang.reflect.Method.invoke(Method.java:483)
	at org.junit.runners.model.FrameworkMethod$1.runReflectiveCall(FrameworkMethod.java:50)
	at org.junit.internal.runners.model.ReflectiveCallable.run(ReflectiveCallable.java:12)
	at org.junit.runners.model.FrameworkMethod.invokeExplosively(FrameworkMethod.java:47)
	at org.junit.internal.runners.statements.InvokeMethod.evaluate(InvokeMethod.java:17)
	at org.junit.runners.ParentRunner.runLeaf(ParentRunner.java:325)
	at org.junit.runners.BlockJUnit4ClassRunner.runChild(BlockJUnit4ClassRunner.java:78)
	at org.junit.runners.BlockJUnit4ClassRunner.runChild(BlockJUnit4ClassRunner.java:57)
	at org.junit.runners.ParentRunner$3.run(ParentRunner.java:290)
	at org.junit.runners.ParentRunner$1.schedule(ParentRunner.java:71)
	at org.junit.runners.ParentRunner.runChildren(ParentRunner.java:288)
	at org.junit.runners.ParentRunner.access$000(ParentRunner.java:58)
	at org.junit.runners.ParentRunner$2.evaluate(ParentRunner.java:268)
	at org.junit.internal.runners.statements.RunBefores.evaluate(RunBefores.java:26)
	at org.junit.runners.ParentRunner.run(ParentRunner.java:363)
	at org.apache.maven.surefire.junit4.JUnit4Provider.execute(JUnit4Provider.java:252)
	at org.apache.maven.surefire.junit4.JUnit4Provider.executeTestSet(JUnit4Provider.java:141)
	at org.apache.maven.surefire.junit4.JUnit4Provider.invoke(JUnit4Provider.java:112)
	at sun.reflect.NativeMethodAccessorImpl.invoke0(Native Method)
	at sun.reflect.NativeMethodAccessorImpl.invoke(NativeMethodAccessorImpl.java:62)
	at sun.reflect.DelegatingMethodAccessorImpl.invoke(DelegatingMethodAccessorImpl.java:43)
	at java.lang.reflect.Method.invoke(Method.java:483)
	at org.apache.maven.surefire.util.ReflectionUtils.invokeMethodWithArray(ReflectionUtils.java:189)
	at org.apache.maven.surefire.booter.ProviderFactory$ProviderProxy.invoke(ProviderFactory.java:165)
	at org.apache.maven.surefire.booter.ProviderFactory.invokeProvider(ProviderFactory.java:85)
	at org.apache.maven.surefire.booter.ForkedBooter.runSuitesInProcess(ForkedBooter.java:115)
	at org.apache.maven.surefire.booter.ForkedBooter.main(ForkedBooter.java:75)
Caused by: org.hibernate.exception.ConstraintViolationException: could not execute statement
	at org.hibernate.exception.internal.SQLStateConversionDelegate.convert(SQLStateConversionDelegate.java:112)
	at org.hibernate.exception.internal.StandardSQLExceptionConverter.convert(StandardSQLExceptionConverter.java:42)
	at org.hibernate.engine.jdbc.spi.SqlExceptionHelper.convert(SqlExceptionHelper.java:111)
	at org.hibernate.engine.jdbc.spi.SqlExceptionHelper.convert(SqlExceptionHelper.java:97)
	at org.hibernate.engine.jdbc.internal.ResultSetReturnImpl.executeUpdate(ResultSetReturnImpl.java:207)
	at org.hibernate.engine.jdbc.batch.internal.NonBatchingBatch.addToBatch(NonBatchingBatch.java:45)
	at org.hibernate.persister.entity.AbstractEntityPersister.insert(AbstractEntityPersister.java:2932)
	at org.hibernate.persister.entity.AbstractEntityPersister.insert(AbstractEntityPersister.java:3432)
	at org.hibernate.action.internal.EntityInsertAction.execute(EntityInsertAction.java:89)
	at org.hibernate.engine.spi.ActionQueue.executeActions(ActionQueue.java:582)
	at org.hibernate.engine.spi.ActionQueue.executeActions(ActionQueue.java:456)
	at org.hibernate.event.internal.AbstractFlushingEventListener.performExecutions(AbstractFlushingEventListener.java:337)
	at org.hibernate.event.internal.DefaultFlushEventListener.onFlush(DefaultFlushEventListener.java:39)
	at org.hibernate.internal.SessionImpl.flush(SessionImpl.java:1295)
	at org.hibernate.internal.SessionImpl.managedFlush(SessionImpl.java:468)
	at org.hibernate.internal.SessionImpl.flushBeforeTransactionCompletion(SessionImpl.java:3135)
	at org.hibernate.internal.SessionImpl.beforeTransactionCompletion(SessionImpl.java:2352)
	at org.hibernate.engine.jdbc.internal.JdbcCoordinatorImpl.beforeTransactionCompletion(JdbcCoordinatorImpl.java:491)
	at org.hibernate.resource.transaction.backend.jdbc.internal.JdbcResourceLocalTransactionCoordinatorImpl.beforeCompletionCallback(JdbcResourceLocalTransactionCoordinatorImpl.java:147)
	at org.hibernate.resource.transaction.backend.jdbc.internal.JdbcResourceLocalTransactionCoordinatorImpl.access$100(JdbcResourceLocalTransactionCoordinatorImpl.java:38)
	at org.hibernate.resource.transaction.backend.jdbc.internal.JdbcResourceLocalTransactionCoordinatorImpl$TransactionDriverControlImpl.commit(JdbcResourceLocalTransactionCoordinatorImpl.java:231)
	at org.hibernate.engine.transaction.internal.TransactionImpl.commit(TransactionImpl.java:65)
	at org.springframework.orm.hibernate5.HibernateTransactionManager.doCommit(HibernateTransactionManager.java:582)
	... 39 more
Caused by: org.h2.jdbc.JdbcSQLException: Unique index or primary key violation: &quot;PRIMARY_KEY_C ON PUBLIC.SUPPLIER(SID) VALUES ( /* 39 */ &apos;RA002&apos; )&quot;; SQL statement:
insert into Supplier (address, name, sid) values (?, ?, ?) [23505-176]
	at org.h2.message.DbException.getJdbcSQLException(DbException.java:344)
	at org.h2.message.DbException.get(DbException.java:178)
	at org.h2.message.DbException.get(DbException.java:154)
	at org.h2.index.BaseIndex.getDuplicateKeyException(BaseIndex.java:103)
	at org.h2.index.PageBtree.find(PageBtree.java:121)
	at org.h2.index.PageBtreeLeaf.addRow(PageBtreeLeaf.java:151)
	at org.h2.index.PageBtreeLeaf.addRowTry(PageBtreeLeaf.java:104)
	at org.h2.index.PageBtreeIndex.addRow(PageBtreeIndex.java:97)
	at org.h2.index.PageBtreeIndex.add(PageBtreeIndex.java:88)
	at org.h2.table.RegularTable.addRow(RegularTable.java:120)
	at org.h2.command.dml.Insert.insertRows(Insert.java:157)
	at org.h2.command.dml.Insert.update(Insert.java:115)
	at org.h2.command.CommandContainer.update(CommandContainer.java:79)
	at org.h2.command.Command.executeUpdate(Command.java:254)
	at org.h2.server.TcpServerThread.process(TcpServerThread.java:346)
	at org.h2.server.TcpServerThread.run(TcpServerThread.java:160)
	at java.lang.Thread.run(Thread.java:745)

	at org.h2.engine.SessionRemote.done(SessionRemote.java:624)
	at org.h2.command.CommandRemote.executeUpdate(CommandRemote.java:191)
	at org.h2.jdbc.JdbcPreparedStatement.executeUpdateInternal(JdbcPreparedStatement.java:160)
	at org.h2.jdbc.JdbcPreparedStatement.executeUpdate(JdbcPreparedStatement.java:146)
	at org.hibernate.engine.jdbc.internal.ResultSetReturnImpl.executeUpdate(ResultSetReturnImpl.java:204)
	... 57 more
</error>
    <system-out>Hibernate: 
    insert 
    into
        Supplier
        (address, name, sid) 
    values
        (?, ?, ?)
</system-out>
    <system-err>Feb 12, 2017 3:31:36 PM org.springframework.context.annotation.AnnotationConfigApplicationContext prepareRefresh
INFO: Refreshing org.springframework.context.annotation.AnnotationConfigApplicationContext@5eed2d86: startup date [Sun Feb 12 15:31:36 IST 2017]; root of context hierarchy
Feb 12, 2017 3:31:37 PM org.springframework.jdbc.datasource.DriverManagerDataSource setDriverClassName
INFO: Loaded JDBC driver: org.h2.Driver
Feb 12, 2017 3:31:37 PM org.hibernate.dialect.Dialect &lt;init&gt;
INFO: HHH000400: Using dialect: org.hibernate.dialect.H2Dialect
Feb 12, 2017 3:31:37 PM org.springframework.orm.hibernate5.HibernateTransactionManager afterPropertiesSet
INFO: Using DataSource [org.springframework.jdbc.datasource.DriverManagerDataSource@d8d9199] of Hibernate SessionFactory for HibernateTransactionManager
Feb 12, 2017 3:31:37 PM org.hibernate.engine.jdbc.spi.SqlExceptionHelper logExceptions
WARN: SQL Error: 23505, SQLState: 23505
Feb 12, 2017 3:31:37 PM org.hibernate.engine.jdbc.spi.SqlExceptionHelper logExceptions
ERROR: Unique index or primary key violation: &quot;PRIMARY_KEY_C ON PUBLIC.SUPPLIER(SID) VALUES ( /* 39 */ &apos;RA002&apos; )&quot;; SQL statement:
insert into Supplier (address, name, sid) values (?, ?, ?) [23505-193]
Feb 12, 2017 3:31:37 PM org.hibernate.engine.jdbc.batch.internal.AbstractBatchImpl release
INFO: HHH000010: On release of batch it still contained JDBC statements
Feb 12, 2017 3:31:37 PM org.hibernate.internal.SessionImpl$5 mapManagedFlushFailure
ERROR: HHH000346: Error during managed flush [could not execute statement]
</system-err>
  </testcase>
  <testcase classname="com.niit.shoppingcart.supplierTestCase" name="getsupplierTestCase" time="0.004"/>
  <testcase classname="com.niit.shoppingcart.supplierTestCase" name="updateTestCase" time="0.224"/>
  <testcase classname="com.niit.shoppingcart.supplierTestCase" name="getAllsupplierTestCase" time="0.277">
    <failure message="length check expected:&lt;5&gt; but was:&lt;11&gt;" type="junit.framework.AssertionFailedError">junit.framework.AssertionFailedError: length check expected:&lt;5&gt; but was:&lt;11&gt;
	at junit.framework.Assert.fail(Assert.java:57)
	at junit.framework.Assert.failNotEquals(Assert.java:329)
	at junit.framework.Assert.assertEquals(Assert.java:78)
	at junit.framework.Assert.assertEquals(Assert.java:234)
	at com.niit.shoppingcart.supplierTestCase.getAllsupplierTestCase(supplierTestCase.java:49)
	at sun.reflect.NativeMethodAccessorImpl.invoke0(Native Method)
	at sun.reflect.NativeMethodAccessorImpl.invoke(NativeMethodAccessorImpl.java:62)
	at sun.reflect.DelegatingMethodAccessorImpl.invoke(DelegatingMethodAccessorImpl.java:43)
	at java.lang.reflect.Method.invoke(Method.java:483)
	at org.junit.runners.model.FrameworkMethod$1.runReflectiveCall(FrameworkMethod.java:50)
	at org.junit.internal.runners.model.ReflectiveCallable.run(ReflectiveCallable.java:12)
	at org.junit.runners.model.FrameworkMethod.invokeExplosively(FrameworkMethod.java:47)
	at org.junit.internal.runners.statements.InvokeMethod.evaluate(InvokeMethod.java:17)
	at org.junit.runners.ParentRunner.runLeaf(ParentRunner.java:325)
	at org.junit.runners.BlockJUnit4ClassRunner.runChild(BlockJUnit4ClassRunner.java:78)
	at org.junit.runners.BlockJUnit4ClassRunner.runChild(BlockJUnit4ClassRunner.java:57)
	at org.junit.runners.ParentRunner$3.run(ParentRunner.java:290)
	at org.junit.runners.ParentRunner$1.schedule(ParentRunner.java:71)
	at org.junit.runners.ParentRunner.runChildren(ParentRunner.java:288)
	at org.junit.runners.ParentRunner.access$000(ParentRunner.java:58)
	at org.junit.runners.ParentRunner$2.evaluate(ParentRunner.java:268)
	at org.junit.internal.runners.statements.RunBefores.evaluate(RunBefores.java:26)
	at org.junit.runners.ParentRunner.run(ParentRunner.java:363)
	at org.apache.maven.surefire.junit4.JUnit4Provider.execute(JUnit4Provider.java:252)
	at org.apache.maven.surefire.junit4.JUnit4Provider.executeTestSet(JUnit4Provider.java:141)
	at org.apache.maven.surefire.junit4.JUnit4Provider.invoke(JUnit4Provider.java:112)
	at sun.reflect.NativeMethodAccessorImpl.invoke0(Native Method)
	at sun.reflect.NativeMethodAccessorImpl.invoke(NativeMethodAccessorImpl.java:62)
	at sun.reflect.DelegatingMethodAccessorImpl.invoke(DelegatingMethodAccessorImpl.java:43)
	at java.lang.reflect.Method.invoke(Method.java:483)
	at org.apache.maven.surefire.util.ReflectionUtils.invokeMethodWithArray(ReflectionUtils.java:189)
	at org.apache.maven.surefire.booter.ProviderFactory$ProviderProxy.invoke(ProviderFactory.java:165)
	at org.apache.maven.surefire.booter.ProviderFactory.invokeProvider(ProviderFactory.java:85)
	at org.apache.maven.surefire.booter.ForkedBooter.runSuitesInProcess(ForkedBooter.java:115)
	at org.apache.maven.surefire.booter.ForkedBooter.main(ForkedBooter.java:75)
</failure>
    <system-out>Hibernate: 
    select
        supplier0_.sid as sid1_5_,
        supplier0_.address as address2_5_,
        supplier0_.name as name3_5_ 
    from
        Supplier supplier0_
Hibernate: 
    select
        products0_.supplier_id as supplier7_3_0_,
        products0_.ID as ID1_3_0_,
        products0_.ID as ID1_3_1_,
        products0_.category_id as category2_3_1_,
        products0_.description as descript3_3_1_,
        products0_.name as name4_3_1_,
        products0_.price as price5_3_1_,
        products0_.stock as stock6_3_1_,
        products0_.supplier_id as supplier7_3_1_,
        category1_.cid as cid1_1_2_,
        category1_.description as descript2_1_2_,
        category1_.name as name3_1_2_ 
    from
        Product products0_ 
    inner join
        Category category1_ 
            on products0_.category_id=category1_.cid 
    where
        products0_.supplier_id=?
Hibernate: 
    select
        products0_.supplier_id as supplier7_3_0_,
        products0_.ID as ID1_3_0_,
        products0_.ID as ID1_3_1_,
        products0_.category_id as category2_3_1_,
        products0_.description as descript3_3_1_,
        products0_.name as name4_3_1_,
        products0_.price as price5_3_1_,
        products0_.stock as stock6_3_1_,
        products0_.supplier_id as supplier7_3_1_,
        category1_.cid as cid1_1_2_,
        category1_.description as descript2_1_2_,
        category1_.name as name3_1_2_ 
    from
        Product products0_ 
    inner join
        Category category1_ 
            on products0_.category_id=category1_.cid 
    where
        products0_.supplier_id=?
Hibernate: 
    select
        products0_.supplier_id as supplier7_3_0_,
        products0_.ID as ID1_3_0_,
        products0_.ID as ID1_3_1_,
        products0_.category_id as category2_3_1_,
        products0_.description as descript3_3_1_,
        products0_.name as name4_3_1_,
        products0_.price as price5_3_1_,
        products0_.stock as stock6_3_1_,
        products0_.supplier_id as supplier7_3_1_,
        category1_.cid as cid1_1_2_,
        category1_.description as descript2_1_2_,
        category1_.name as name3_1_2_ 
    from
        Product products0_ 
    inner join
        Category category1_ 
            on products0_.category_id=category1_.cid 
    where
        products0_.supplier_id=?
Hibernate: 
    select
        products0_.supplier_id as supplier7_3_0_,
        products0_.ID as ID1_3_0_,
        products0_.ID as ID1_3_1_,
        products0_.category_id as category2_3_1_,
        products0_.description as descript3_3_1_,
        products0_.name as name4_3_1_,
        products0_.price as price5_3_1_,
        products0_.stock as stock6_3_1_,
        products0_.supplier_id as supplier7_3_1_,
        category1_.cid as cid1_1_2_,
        category1_.description as descript2_1_2_,
        category1_.name as name3_1_2_ 
    from
        Product products0_ 
    inner join
        Category category1_ 
            on products0_.category_id=category1_.cid 
    where
        products0_.supplier_id=?
Hibernate: 
    select
        products0_.supplier_id as supplier7_3_0_,
        products0_.ID as ID1_3_0_,
        products0_.ID as ID1_3_1_,
        products0_.category_id as category2_3_1_,
        products0_.description as descript3_3_1_,
        products0_.name as name4_3_1_,
        products0_.price as price5_3_1_,
        products0_.stock as stock6_3_1_,
        products0_.supplier_id as supplier7_3_1_,
        category1_.cid as cid1_1_2_,
        category1_.description as descript2_1_2_,
        category1_.name as name3_1_2_ 
    from
        Product products0_ 
    inner join
        Category category1_ 
            on products0_.category_id=category1_.cid 
    where
        products0_.supplier_id=?
Hibernate: 
    select
        products0_.supplier_id as supplier7_3_0_,
        products0_.ID as ID1_3_0_,
        products0_.ID as ID1_3_1_,
        products0_.category_id as category2_3_1_,
        products0_.description as descript3_3_1_,
        products0_.name as name4_3_1_,
        products0_.price as price5_3_1_,
        products0_.stock as stock6_3_1_,
        products0_.supplier_id as supplier7_3_1_,
        category1_.cid as cid1_1_2_,
        category1_.description as descript2_1_2_,
        category1_.name as name3_1_2_ 
    from
        Product products0_ 
    inner join
        Category category1_ 
            on products0_.category_id=category1_.cid 
    where
        products0_.supplier_id=?
Hibernate: 
    select
        products0_.supplier_id as supplier7_3_0_,
        products0_.ID as ID1_3_0_,
        products0_.ID as ID1_3_1_,
        products0_.category_id as category2_3_1_,
        products0_.description as descript3_3_1_,
        products0_.name as name4_3_1_,
        products0_.price as price5_3_1_,
        products0_.stock as stock6_3_1_,
        products0_.supplier_id as supplier7_3_1_,
        category1_.cid as cid1_1_2_,
        category1_.description as descript2_1_2_,
        category1_.name as name3_1_2_ 
    from
        Product products0_ 
    inner join
        Category category1_ 
            on products0_.category_id=category1_.cid 
    where
        products0_.supplier_id=?
Hibernate: 
    select
        products0_.category_id as category2_3_0_,
        products0_.ID as ID1_3_0_,
        products0_.ID as ID1_3_1_,
        products0_.category_id as category2_3_1_,
        products0_.description as descript3_3_1_,
        products0_.name as name4_3_1_,
        products0_.price as price5_3_1_,
        products0_.stock as stock6_3_1_,
        products0_.supplier_id as supplier7_3_1_,
        supplier1_.sid as sid1_5_2_,
        supplier1_.address as address2_5_2_,
        supplier1_.name as name3_5_2_ 
    from
        Product products0_ 
    inner join
        Supplier supplier1_ 
            on products0_.supplier_id=supplier1_.sid 
    where
        products0_.category_id=?
Hibernate: 
    select
        products0_.supplier_id as supplier7_3_0_,
        products0_.ID as ID1_3_0_,
        products0_.ID as ID1_3_1_,
        products0_.category_id as category2_3_1_,
        products0_.description as descript3_3_1_,
        products0_.name as name4_3_1_,
        products0_.price as price5_3_1_,
        products0_.stock as stock6_3_1_,
        products0_.supplier_id as supplier7_3_1_,
        category1_.cid as cid1_1_2_,
        category1_.description as descript2_1_2_,
        category1_.name as name3_1_2_ 
    from
        Product products0_ 
    inner join
        Category category1_ 
            on products0_.category_id=category1_.cid 
    where
        products0_.supplier_id=?
Hibernate: 
    select
        products0_.supplier_id as supplier7_3_0_,
        products0_.ID as ID1_3_0_,
        products0_.ID as ID1_3_1_,
        products0_.category_id as category2_3_1_,
        products0_.description as descript3_3_1_,
        products0_.name as name4_3_1_,
        products0_.price as price5_3_1_,
        products0_.stock as stock6_3_1_,
        products0_.supplier_id as supplier7_3_1_,
        category1_.cid as cid1_1_2_,
        category1_.description as descript2_1_2_,
        category1_.name as name3_1_2_ 
    from
        Product products0_ 
    inner join
        Category category1_ 
            on products0_.category_id=category1_.cid 
    where
        products0_.supplier_id=?
Hibernate: 
    select
        products0_.supplier_id as supplier7_3_0_,
        products0_.ID as ID1_3_0_,
        products0_.ID as ID1_3_1_,
        products0_.category_id as category2_3_1_,
        products0_.description as descript3_3_1_,
        products0_.name as name4_3_1_,
        products0_.price as price5_3_1_,
        products0_.stock as stock6_3_1_,
        products0_.supplier_id as supplier7_3_1_,
        category1_.cid as cid1_1_2_,
        category1_.description as descript2_1_2_,
        category1_.name as name3_1_2_ 
    from
        Product products0_ 
    inner join
        Category category1_ 
            on products0_.category_id=category1_.cid 
    where
        products0_.supplier_id=?
Hibernate: 
    select
        products0_.supplier_id as supplier7_3_0_,
        products0_.ID as ID1_3_0_,
        products0_.ID as ID1_3_1_,
        products0_.category_id as category2_3_1_,
        products0_.description as descript3_3_1_,
        products0_.name as name4_3_1_,
        products0_.price as price5_3_1_,
        products0_.stock as stock6_3_1_,
        products0_.supplier_id as supplier7_3_1_,
        category1_.cid as cid1_1_2_,
        category1_.description as descript2_1_2_,
        category1_.name as name3_1_2_ 
    from
        Product products0_ 
    inner join
        Category category1_ 
            on products0_.category_id=category1_.cid 
    where
        products0_.supplier_id=?
</system-out>
    <system-err>Feb 12, 2017 3:31:38 PM org.hibernate.hql.internal.QueryTranslatorFactoryInitiator initiateService
INFO: HHH000397: Using ASTQueryTranslatorFactory
</system-err>
  </testcase>
</testsuite>